Arguments: 
  /Users/mczenko/.nvm/versions/node/v9.0.0/bin/node /usr/local/Cellar/yarn/1.3.2/libexec/bin/yarn.js

PATH: 
  /Users/mczenko/.rvm/gems/ruby-2.2.1/bin:/Users/mczenko/.rvm/gems/ruby-2.2.1@global/bin:/Users/mczenko/.rvm/rubies/ruby-2.2.1/bin:/Users/mczenko/.nvm/versions/node/v9.0.0/bin:/usr/local/bin:/usr/bin:/bin:/usr/sbin:/sbin:/Library/TeX/texbin:/usr/local/bin:/usr/bin:/bin:/usr/sbin:/sbin:/Users/mczenko/.rvm/bin:/usr/local/bin:/Users/mczenko/Library/Python/3.6/bin

Yarn version: 
  1.3.2

Node version: 
  9.0.0

Platform: 
  darwin x64

npm manifest: 
  

yarn manifest: 
  No manifest

Lockfile: 
  No lockfile

Trace: 
  SyntaxError: /Users/mczenko/Documents/Projects/Philips/BLOCKCHAIN/truffle-boxes/react/package.json: Unexpected end of JSON input
      at JSON.parse (<anonymous>)
      at /usr/local/Cellar/yarn/1.3.2/libexec/lib/cli.js:770:59
      at Generator.next (<anonymous>)
      at step (/usr/local/Cellar/yarn/1.3.2/libexec/lib/cli.js:92:30)
      at /usr/local/Cellar/yarn/1.3.2/libexec/lib/cli.js:103:13
      at <anonymous>
